2025-08-18 19:08:01,170 - data_ingestion - DEBUG - Data loaded from https://raw.githubusercontent.com/Rajshekokar3/Dataset-/refs/heads/main/spam.csv
2025-08-18 19:08:01,173 - data_ingestion - DEBUG - Data preprocessing is cmpleted
2025-08-18 19:08:01,176 - data_ingestion - ERROR - Unexcepted error occuped while saving the data: 'module' object is not callable 
2025-08-18 19:08:01,177 - data_ingestion - ERROR - Failed to  complete dat ingestion process: 'module' object is not callable
2025-08-18 19:09:40,450 - data_ingestion - DEBUG - Data loaded from https://raw.githubusercontent.com/Rajshekokar3/Dataset-/refs/heads/main/spam.csv
2025-08-18 19:09:40,465 - data_ingestion - DEBUG - Data preprocessing is cmpleted
2025-08-18 19:09:40,581 - data_ingestion - DEBUG - Train and test data saged to ./data\raw
2025-08-20 21:07:32,991 - data_ingestion - DEBUG - Data loaded from https://raw.githubusercontent.com/Rajshekokar3/Dataset-/refs/heads/main/spam.csv
2025-08-20 21:07:33,020 - data_ingestion - DEBUG - Data preprocessing is cmpleted
2025-08-20 21:07:33,099 - data_ingestion - DEBUG - Train and test data saged to ./data\raw
2025-08-21 21:37:38,575 - data_ingestion - DEBUG - Data loaded from https://raw.githubusercontent.com/Rajshekokar3/Dataset-/refs/heads/main/spam.csv
2025-08-21 21:37:38,585 - data_ingestion - DEBUG - Data preprocessing is cmpleted
2025-08-21 21:37:38,615 - data_ingestion - DEBUG - Train and test data saged to ./data\raw
2025-08-21 21:38:52,915 - data_ingestion - DEBUG - Data loaded from https://raw.githubusercontent.com/Rajshekokar3/Dataset-/refs/heads/main/spam.csv
2025-08-21 21:38:52,917 - data_ingestion - DEBUG - Data preprocessing is cmpleted
2025-08-21 21:38:52,942 - data_ingestion - DEBUG - Train and test data saged to ./data\raw
2025-08-21 23:30:37,548 - data_ingestion - DEBUG - Parameters retrieved from params.yaml
2025-08-21 23:30:38,209 - data_ingestion - DEBUG - Data loaded from https://raw.githubusercontent.com/Rajshekokar3/Dataset-/refs/heads/main/spam.csv
2025-08-21 23:30:38,223 - data_ingestion - DEBUG - Data preprocessing is cmpleted
2025-08-21 23:30:38,253 - data_ingestion - DEBUG - Train and test data saged to ./data\raw
