2025-08-20 14:59:05,341 - Feature Engineering - ERROR - Failed to complete the feature enginerring process: [Errno 2] No such file or directory: 'file_path'
2025-08-20 15:01:14,854 - Feature Engineering - ERROR - Failed to complete the feature enginerring process: [Errno 2] No such file or directory: 'file_path'
2025-08-20 15:19:28,565 - Feature Engineering - DEBUG - Data loadedand nans filled from ./data/interim/train_processed_data.csv
2025-08-20 15:19:28,590 - Feature Engineering - DEBUG - Data loadedand nans filled from ./data/interim/test_processed_data.csv
2025-08-20 15:19:28,781 - Feature Engineering - DEBUG - Bag of words applied and data transformed
2025-08-20 15:19:28,782 - Feature Engineering - ERROR - Unexcepted error occured while saving the data module 'os' has no attribute 'join'
2025-08-20 15:19:28,783 - Feature Engineering - ERROR - Failed to complete the feature enginerring process: module 'os' has no attribute 'join'
2025-08-20 15:20:01,309 - Feature Engineering - DEBUG - Data loadedand nans filled from ./data/interim/train_processed_data.csv
2025-08-20 15:20:01,325 - Feature Engineering - DEBUG - Data loadedand nans filled from ./data/interim/test_processed_data.csv
2025-08-20 15:20:01,547 - Feature Engineering - DEBUG - Bag of words applied and data transformed
2025-08-20 15:20:01,554 - Feature Engineering - ERROR - Unexcepted error occured while saving the data [Errno 13] Permission denied: './data\\processed\\train_tfid.csv'
2025-08-20 15:20:01,555 - Feature Engineering - ERROR - Failed to complete the feature enginerring process: [Errno 13] Permission denied: './data\\processed\\train_tfid.csv'
2025-08-20 19:37:07,311 - Feature Engineering - DEBUG - Data loadedand nans filled from ./data/interim/train_processed_data.csv
2025-08-20 19:37:07,316 - Feature Engineering - DEBUG - Data loadedand nans filled from ./data/interim/test_processed_data.csv
2025-08-20 19:37:07,406 - Feature Engineering - DEBUG - Bag of words applied and data transformed
2025-08-20 19:37:07,408 - Feature Engineering - ERROR - Unexcepted error occured while saving the data [Errno 13] Permission denied: './data\\processed\\train_tfid.csv'
2025-08-20 19:37:07,409 - Feature Engineering - ERROR - Failed to complete the feature enginerring process: [Errno 13] Permission denied: './data\\processed\\train_tfid.csv'
2025-08-20 19:38:06,862 - Feature Engineering - DEBUG - Data loadedand nans filled from ./data/interim/train_processed_data.csv
2025-08-20 19:38:06,868 - Feature Engineering - DEBUG - Data loadedand nans filled from ./data/interim/test_processed_data.csv
2025-08-20 19:38:06,950 - Feature Engineering - DEBUG - Bag of words applied and data transformed
2025-08-20 19:38:06,953 - Feature Engineering - ERROR - Unexcepted error occured while saving the data [Errno 13] Permission denied: './data\\processed\\train_tfid.csv'
2025-08-20 19:38:06,953 - Feature Engineering - ERROR - Failed to complete the feature enginerring process: [Errno 13] Permission denied: './data\\processed\\train_tfid.csv'
2025-08-20 19:39:03,651 - Feature Engineering - DEBUG - Data loadedand nans filled from ./data/interim/train_processed_data.csv
2025-08-20 19:39:03,656 - Feature Engineering - DEBUG - Data loadedand nans filled from ./data/interim/test_processed_data.csv
2025-08-20 19:39:03,747 - Feature Engineering - DEBUG - Bag of words applied and data transformed
2025-08-20 19:39:03,747 - Feature Engineering - ERROR - Unexcepted error occured while saving the data 'module' object is not callable
2025-08-20 19:39:03,747 - Feature Engineering - ERROR - Failed to complete the feature enginerring process: 'module' object is not callable
2025-08-20 19:39:47,492 - Feature Engineering - DEBUG - Data loadedand nans filled from ./data/interim/train_processed_data.csv
2025-08-20 19:39:47,497 - Feature Engineering - DEBUG - Data loadedand nans filled from ./data/interim/test_processed_data.csv
2025-08-20 19:39:47,591 - Feature Engineering - DEBUG - Bag of words applied and data transformed
2025-08-20 19:39:47,591 - Feature Engineering - ERROR - Unexcepted error occured while saving the data module 'os' has no attribute 'patha'
2025-08-20 19:39:47,591 - Feature Engineering - ERROR - Failed to complete the feature enginerring process: module 'os' has no attribute 'patha'
2025-08-20 19:40:00,296 - Feature Engineering - DEBUG - Data loadedand nans filled from ./data/interim/train_processed_data.csv
2025-08-20 19:40:00,300 - Feature Engineering - DEBUG - Data loadedand nans filled from ./data/interim/test_processed_data.csv
2025-08-20 19:40:00,382 - Feature Engineering - DEBUG - Bag of words applied and data transformed
2025-08-20 19:40:00,384 - Feature Engineering - ERROR - Unexcepted error occured while saving the data [Errno 13] Permission denied: './data\\processed\\train_tfid.csv'
2025-08-20 19:40:00,386 - Feature Engineering - ERROR - Failed to complete the feature enginerring process: [Errno 13] Permission denied: './data\\processed\\train_tfid.csv'
2025-08-20 19:40:20,786 - Feature Engineering - DEBUG - Data loadedand nans filled from ./data/interim/train_processed_data.csv
2025-08-20 19:40:20,791 - Feature Engineering - DEBUG - Data loadedand nans filled from ./data/interim/test_processed_data.csv
2025-08-20 19:40:20,869 - Feature Engineering - DEBUG - Bag of words applied and data transformed
2025-08-20 19:40:20,871 - Feature Engineering - ERROR - Unexcepted error occured while saving the data [Errno 13] Permission denied: './data\\processed\\train_tfid.csv'
2025-08-20 19:40:20,871 - Feature Engineering - ERROR - Failed to complete the feature enginerring process: [Errno 13] Permission denied: './data\\processed\\train_tfid.csv'
2025-08-20 19:41:52,624 - Feature Engineering - DEBUG - Data loadedand nans filled from ./data/interim/train_processed_data.csv
2025-08-20 19:41:52,627 - Feature Engineering - DEBUG - Data loadedand nans filled from ./data/interim/test_processed_data.csv
2025-08-20 19:41:52,702 - Feature Engineering - DEBUG - Bag of words applied and data transformed
2025-08-20 19:41:52,829 - Feature Engineering - DEBUG - Data saved to ./data\processed\train_tfid.csv
2025-08-20 19:41:52,861 - Feature Engineering - DEBUG - Data saved to ./data\processed\test_tfid.csv
2025-08-20 20:52:53,122 - Feature Engineering - DEBUG - Data loadedand nans filled from ./data/interim/train_processed_data.csv
2025-08-20 20:52:53,133 - Feature Engineering - DEBUG - Data loadedand nans filled from ./data/interim/test_processed_data.csv
2025-08-20 20:52:53,331 - Feature Engineering - DEBUG - Bag of words applied and data transformed
2025-08-20 20:52:53,661 - Feature Engineering - DEBUG - Data saved to ./data\processed\train_tfid.csv
2025-08-20 20:52:53,768 - Feature Engineering - DEBUG - Data saved to ./data\processed\test_tfid.csv
2025-08-20 21:10:55,180 - Feature Engineering - DEBUG - Data loadedand nans filled from ./data/interim/train_processed_data.csv
2025-08-20 21:10:55,229 - Feature Engineering - DEBUG - Data loadedand nans filled from ./data/interim/test_processed_data.csv
2025-08-20 21:10:55,374 - Feature Engineering - DEBUG - Bag of words applied and data transformed
2025-08-20 21:10:55,604 - Feature Engineering - DEBUG - Data saved to ./data\processed\train_tfid.csv
2025-08-20 21:10:55,664 - Feature Engineering - DEBUG - Data saved to ./data\processed\test_tfid.csv
2025-08-20 21:16:08,020 - Feature Engineering - DEBUG - Data loadedand nans filled from ./data/interim/train_processed_data.csv
2025-08-20 21:16:08,050 - Feature Engineering - DEBUG - Data loadedand nans filled from ./data/interim/test_processed_data.csv
2025-08-20 21:16:08,197 - Feature Engineering - DEBUG - Bag of words applied and data transformed
2025-08-20 21:16:08,430 - Feature Engineering - DEBUG - Data saved to ./data\processed\train_tfid.csv
2025-08-20 21:16:08,494 - Feature Engineering - DEBUG - Data saved to ./data\processed\test_tfid.csv
2025-08-21 22:35:58,892 - Feature Engineering - DEBUG - Data loadedand nans filled from ./data/interim/train_processed_data.csv
2025-08-21 22:35:58,896 - Feature Engineering - DEBUG - Data loadedand nans filled from ./data/interim/test_processed_data.csv
2025-08-21 22:35:58,958 - Feature Engineering - DEBUG - Bag of words applied and data transformed
2025-08-21 22:35:59,076 - Feature Engineering - DEBUG - Data saved to ./data\processed\train_tfid.csv
2025-08-21 22:35:59,108 - Feature Engineering - DEBUG - Data saved to ./data\processed\test_tfid.csv
2025-08-21 22:36:15,043 - Feature Engineering - DEBUG - Data loadedand nans filled from ./data/interim/train_processed_data.csv
2025-08-21 22:36:15,046 - Feature Engineering - DEBUG - Data loadedand nans filled from ./data/interim/test_processed_data.csv
2025-08-21 22:36:15,098 - Feature Engineering - DEBUG - Bag of words applied and data transformed
2025-08-21 22:36:15,213 - Feature Engineering - DEBUG - Data saved to ./data\processed\train_tfid.csv
2025-08-21 22:36:15,249 - Feature Engineering - DEBUG - Data saved to ./data\processed\test_tfid.csv
2025-08-21 23:31:18,660 - Feature Engineering - DEBUG - Parameters retrieved from params.yaml
2025-08-21 23:31:18,661 - Feature Engineering - ERROR - Failed to complete the feature enginerring process: 'feature_enginerring'
2025-08-21 23:32:32,270 - Feature Engineering - DEBUG - Parameters retrieved from params.yaml
2025-08-21 23:32:32,271 - Feature Engineering - ERROR - Failed to complete the feature enginerring process: 'feature_enginerring'
2025-08-21 23:37:51,151 - Feature Engineering - DEBUG - Parameters retrieved from params.yaml
2025-08-21 23:37:51,167 - Feature Engineering - DEBUG - Data loadedand nans filled from ./data/interim/train_processed_data.csv
2025-08-21 23:37:51,172 - Feature Engineering - DEBUG - Data loadedand nans filled from ./data/interim/test_processed_data.csv
2025-08-21 23:37:51,241 - Feature Engineering - DEBUG - Bag of words applied and data transformed
2025-08-21 23:37:51,365 - Feature Engineering - DEBUG - Data saved to ./data\processed\train_tfid.csv
2025-08-21 23:37:51,393 - Feature Engineering - DEBUG - Data saved to ./data\processed\test_tfid.csv
2025-08-21 23:39:42,250 - Feature Engineering - DEBUG - Parameters retrieved from params.yaml
2025-08-21 23:39:42,260 - Feature Engineering - DEBUG - Data loadedand nans filled from ./data/interim/train_processed_data.csv
2025-08-21 23:39:42,264 - Feature Engineering - DEBUG - Data loadedand nans filled from ./data/interim/test_processed_data.csv
2025-08-21 23:39:42,320 - Feature Engineering - DEBUG - Bag of words applied and data transformed
2025-08-21 23:39:42,424 - Feature Engineering - DEBUG - Data saved to ./data\processed\train_tfid.csv
2025-08-21 23:39:42,452 - Feature Engineering - DEBUG - Data saved to ./data\processed\test_tfid.csv
2025-08-22 23:59:19,132 - Feature Engineering - DEBUG - Parameters retrieved from params.yaml
2025-08-22 23:59:19,158 - Feature Engineering - DEBUG - Data loadedand nans filled from ./data/interim/train_processed_data.csv
2025-08-22 23:59:19,163 - Feature Engineering - DEBUG - Data loadedand nans filled from ./data/interim/test_processed_data.csv
2025-08-22 23:59:19,315 - Feature Engineering - DEBUG - Bag of words applied and data transformed
2025-08-22 23:59:25,305 - Feature Engineering - DEBUG - Data saved to ./data\processed\train_tfid.csv
2025-08-22 23:59:26,056 - Feature Engineering - DEBUG - Data saved to ./data\processed\test_tfid.csv
2025-08-23 00:03:38,058 - Feature Engineering - DEBUG - Parameters retrieved from params.yaml
2025-08-23 00:03:38,108 - Feature Engineering - DEBUG - Data loadedand nans filled from ./data/interim/train_processed_data.csv
2025-08-23 00:03:38,143 - Feature Engineering - DEBUG - Data loadedand nans filled from ./data/interim/test_processed_data.csv
2025-08-23 00:03:38,251 - Feature Engineering - DEBUG - Bag of words applied and data transformed
2025-08-23 00:03:38,388 - Feature Engineering - DEBUG - Data saved to ./data\processed\train_tfid.csv
2025-08-23 00:03:38,430 - Feature Engineering - DEBUG - Data saved to ./data\processed\test_tfid.csv
2025-08-23 00:06:14,744 - Feature Engineering - DEBUG - Parameters retrieved from params.yaml
2025-08-23 00:06:14,759 - Feature Engineering - DEBUG - Data loadedand nans filled from ./data/interim/train_processed_data.csv
2025-08-23 00:06:14,766 - Feature Engineering - DEBUG - Data loadedand nans filled from ./data/interim/test_processed_data.csv
2025-08-23 00:06:14,873 - Feature Engineering - DEBUG - Bag of words applied and data transformed
2025-08-23 00:06:15,066 - Feature Engineering - DEBUG - Data saved to ./data\processed\train_tfid.csv
2025-08-23 00:06:15,150 - Feature Engineering - DEBUG - Data saved to ./data\processed\test_tfid.csv
